#
# A fatal error has been detected by the Java Runtime Environment:
#
#  SIGSEGV (0xb) at pc=0x00007fa562c6547b, pid=35550, tid=35564
#
# JRE version: OpenJDK Runtime Environment (11.0.16.1+1) (build 11.0.16.1+1)
# Java VM: OpenJDK 64-Bit Server VM (11.0.16.1+1, mixed mode, tiered, compressed oops, g1 gc, linux-amd64)
# Problematic frame:
# V  [libjvm.so+0x86547b]
#
# Core dump will be written. Default location: Core dumps may be processed with "/usr/lib/systemd/systemd-coredump %P %u %g %s %t %c %h" (or dumping to /home/mateuspx/eclipse-workspace/GoalpeekerRatingSystem/core.35550)
#
# If you would like to submit a bug report, please visit:
#   https://bugreport.java.com/bugreport/crash.jsp
#

---------------  S U M M A R Y ------------

Command Line: -agentlib:jdwp=transport=dt_socket,suspend=y,address=localhost:43189 -javaagent:/home/mateuspx/eclipse/java-2022-06/eclipse/configuration/org.eclipse.osgi/209/0/.cp/lib/javaagent-shaded.jar -Dfile.encoding=UTF-8 Control.Main

Host: AMD Ryzen 5 3500U with Radeon Vega Mobile Gfx, 16 cores, 9G, Arch Linux
Time: Tue Oct 18 15:12:33 2022 -03 elapsed time: 1806.533393 seconds (0d 0h 30m 6s)

---------------  T H R E A D  ---------------

Current thread (0x00007fa55c1dd000):  VMThread "VM Thread" [stack: 0x00007fa538a30000,0x00007fa538b30000] [id=35564]

Stack: [0x00007fa538a30000,0x00007fa538b30000],  sp=0x00007fa538b2e3d0,  free space=1016k
Native frames: (J=compiled Java code, A=aot compiled Java code, j=interpreted, Vv=VM code, C=native code)
V  [libjvm.so+0x86547b]
V  [libjvm.so+0x869a29]
V  [libjvm.so+0x86a67e]
V  [libjvm.so+0x86a943]
V  [libjvm.so+0xc785eb]
V  [libjvm.so+0xc79234]
V  [libjvm.so+0xc7997f]
V  [libjvm.so+0xc158bf]
V  [libjvm.so+0xaa3510]
V  [libjvm.so+0xf23baa]
V  [libjvm.so+0xf29f3a]
V  [libjvm.so+0xf2a61a]
V  [libjvm.so+0xf2a9bd]
V  [libjvm.so+0xeb2e12]
V  [libjvm.so+0xc8ea51]


siginfo: si_signo: 11 (SIGSEGV), si_code: 1 (SEGV_MAPERR), si_addr: 0x0000000000000006

Register to memory mapping:

RAX=0x0 is NULL
RBX=0x0000000000000001 is an unknown value
RCX=0x0000000000000db8 is an unknown value
RDX=0x00007fa50b8368b8 is pointing into metadata
RSP=0x00007fa538b2e3d0 points into unknown readable memory: 0x00007fa538b2e690 | 90 e6 b2 38 a5 7f 00 00
RBP=0x00007fa538b2e420 points into unknown readable memory: 0x00007fa538b2e4b0 | b0 e4 b2 38 a5 7f 00 00
RSI=0x0 is NULL
RDI=0x00007fa50b819788 is pointing into metadata
R8 =0x0000000000000047 is an unknown value
R9 =0x0000000000000004 is an unknown value
R10=0x0 is NULL
R11=0x0000000000000286 is an unknown value
R12=0x00007fa538b2e690 points into unknown readable memory: 0x00007fa5636b40f8 | f8 40 6b 63 a5 7f 00 00
R13=0x0000000000000001 is an unknown value
R14=0x0000000000000047 is an unknown value
R15=0x00007fa50b819788 is pointing into metadata


Registers:
RAX=0x0000000000000000, RBX=0x0000000000000001, RCX=0x0000000000000db8, RDX=0x00007fa50b8368b8
RSP=0x00007fa538b2e3d0, RBP=0x00007fa538b2e420, RSI=0x0000000000000000, RDI=0x00007fa50b819788
R8 =0x0000000000000047, R9 =0x0000000000000004, R10=0x0000000000000000, R11=0x0000000000000286
R12=0x00007fa538b2e690, R13=0x0000000000000001, R14=0x0000000000000047, R15=0x00007fa50b819788
RIP=0x00007fa562c6547b, EFLAGS=0x0000000000010216, CSGSFS=0x002b000000000033, ERR=0x0000000000000004
  TRAPNO=0x000000000000000e

Top of Stack: (sp=0x00007fa538b2e3d0)
0x00007fa538b2e3d0:   00007fa538b2e690 00007fa50b81a510
0x00007fa538b2e3e0:   8fffffff46000039 8fffffff8fffffff
0x00007fa538b2e3f0:   00007fa58fffffff 00000000000000b2
0x00007fa538b2e400:   00000000000000b2 00007fa50b81a4b7 

Instructions: (pc=0x00007fa562c6547b)
0x00007fa562c6537b:   00 00 00 00 00 49 83 c5 04 48 63 43 58 41 8b 55
0x00007fa562c6538b:   fc 3b 43 24 7d 6f 48 63 73 20 48 8b 4b 48 8d 78
0x00007fa562c6539b:   01 89 7b 58 48 01 f0 89 14 81 41 8b 45 00 85 c0
0x00007fa562c653ab:   75 d3 48 83 c4 08 5b 41 5c 41 5d 41 5e 41 5f 5d
0x00007fa562c653bb:   c3 0f 1f 40 00 4c 89 e6 48 89 df 31 c0 e8 43 e8
0x00007fa562c653cb:   ff ff 45 8b 3e 45 85 ff 74 92 8b 43 58 49 83 c6
0x00007fa562c653db:   04 85 c0 0f 8f 5b ff ff ff 31 c0 4c 89 e6 48 89
0x00007fa562c653eb:   df e8 1f e8 ff ff 8b 05 a9 00 b5 00 e9 59 ff ff
0x00007fa562c653fb:   ff 0f 1f 40 00 4c 89 e6 48 89 df 31 c0 e8 03 e8
0x00007fa562c6540b:   ff ff 41 8b 55 00 85 d2 0f 85 67 ff ff ff 48 83
0x00007fa562c6541b:   c4 08 5b 41 5c 41 5d 41 5e 41 5f 5d c3 0f 1f 84
0x00007fa562c6542b:   00 00 00 00 00 f3 0f 1e fa 55 48 89 e5 41 57 41
0x00007fa562c6543b:   56 45 89 c6 41 55 41 89 d5 31 d2 41 54 49 89 fc
0x00007fa562c6544b:   53 89 f3 89 ce 48 83 ec 28 48 8b 47 08 48 8b 40
0x00007fa562c6545b:   08 4c 8b 78 08 4c 89 ff 67 e8 27 3b e8 ff 4c 89
0x00007fa562c6546b:   ff 89 c6 67 e8 dc 3c e8 ff 48 98 49 8b 44 c7 40
0x00007fa562c6547b:   0f b6 40 06 83 e8 44 3c 17 77 1a 48 8d 15 bb d5
0x00007fa562c6548b:   77 00 0f b6 c0 48 63 04 82 48 01 d0 3e ff e0 66
0x00007fa562c6549b:   0f 1f 44 00 00 48 8d 15 f1 ff b4 00 85 db 75 75
0x00007fa562c654ab:   8b 32 85 f6 0f 84 d3 00 00 00 8b 3d 2d ff b4 00
0x00007fa562c654bb:   31 c0 48 8d 75 c0 0f 1f 80 00 00 00 00 8b 0c 82
0x00007fa562c654cb:   48 89 c3 89 0c 86 48 83 c0 01 8b 0c 82 85 c9 75
0x00007fa562c654db:   ec 83 c3 01 48 8d 15 c2 ff b4 00 45 85 ed 75 10
0x00007fa562c654eb:   8b 0d ef fe b4 00 48 63 c3 83 c3 01 89 4c 85 c0
0x00007fa562c654fb:   48 63 db 89 7c 9d c0 4c 89 e7 e8 f6 fd ff ff 48
0x00007fa562c6550b:   83 c4 28 5b 41 5c 41 5d 41 5e 41 5f 5d c3 0f 1f
0x00007fa562c6551b:   80 00 00 00 00 8b 3d c2 fe b4 00 31 db 48 8d 75
0x00007fa562c6552b:   c0 eb b8 66 90 8b 3d b2 fe b4 00 41 81 e6 ff ff
0x00007fa562c6553b:   ff 00 48 8d 55 b0 41 81 ce 00 00 00 46 44 89 75
0x00007fa562c6554b:   b0 89 7d b4 85 db 0f 84 64 ff ff ff 31 db 48 8d
0x00007fa562c6555b:   55 b0 48 8d 75 c0 e9 80 ff ff ff 48 8d 15 3b ff
0x00007fa562c6556b:   b4 00 e9 35 ff ff ff 66 0f 1f 44 00 00 48 8d 15 


Stack slot to memory mapping:
stack at sp + 0 slots: 0x00007fa538b2e690 points into unknown readable memory: 0x00007fa5636b40f8 | f8 40 6b 63 a5 7f 00 00
stack at sp + 1 slots: {method} {0x00007fa50b81a510} 'main' '([Ljava/lang/String;)V' in 'Control/Main'
stack at sp + 2 slots: 0x8fffffff46000039 is an unknown value
stack at sp + 3 slots: 0x8fffffff8fffffff is an unknown value
stack at sp + 4 slots: 0x00007fa58fffffff is an unknown value
stack at sp + 5 slots: 0x00000000000000b2 is an unknown value
stack at sp + 6 slots: 0x00000000000000b2 is an unknown value
stack at sp + 7 slots: 0x00007fa50b81a4b7 is pointing into metadata

VM_Operation (0x00007fa50bdfe920): GetOrSetLocal, mode: safepoint, requested by thread 0x00007fa55c35c800


---------------  P R O C E S S  ---------------

Threads class SMR info:
_java_thread_list=0x00007fa4f8000c70, length=12, elements={
0x00007fa55c017000, 0x00007fa55c1e5800, 0x00007fa55c1e9800, 0x00007fa55c1fe800,
0x00007fa55c200800, 0x00007fa55c202800, 0x00007fa55c204800, 0x00007fa55c206800,
0x00007fa55c2cc800, 0x00007fa55c35c800, 0x00007fa55c35f000, 0x00007fa4fc001800
}

Java Threads: ( => current thread )
  0x00007fa55c017000 JavaThread "main" [_thread_blocked, id=35557, stack(0x00007fa561f00000,0x00007fa562000000)]
  0x00007fa55c1e5800 JavaThread "Reference Handler" daemon [_thread_blocked, id=35565, stack(0x00007fa53892e000,0x00007fa538a2e000)]
  0x00007fa55c1e9800 JavaThread "Finalizer" daemon [_thread_blocked, id=35566, stack(0x00007fa53882e000,0x00007fa53892e000)]
  0x00007fa55c1fe800 JavaThread "Signal Dispatcher" daemon [_thread_blocked, id=35567, stack(0x00007fa53872e000,0x00007fa53882e000)]
  0x00007fa55c200800 JavaThread "Service Thread" daemon [_thread_blocked, id=35568, stack(0x00007fa538300000,0x00007fa538400000)]
  0x00007fa55c202800 JavaThread "C2 CompilerThread0" daemon [_thread_blocked, id=35569, stack(0x00007fa538200000,0x00007fa538300000)]
  0x00007fa55c204800 JavaThread "C1 CompilerThread0" daemon [_thread_blocked, id=35570, stack(0x00007fa538100000,0x00007fa538200000)]
  0x00007fa55c206800 JavaThread "Sweeper thread" daemon [_thread_blocked, id=35571, stack(0x00007fa538000000,0x00007fa538100000)]
  0x00007fa55c2cc800 JavaThread "Common-Cleaner" daemon [_thread_blocked, id=35572, stack(0x00007fa50bf00000,0x00007fa50c000000)]
  0x00007fa55c35c800 JavaThread "JDWP Transport Listener: dt_socket" daemon [_thread_blocked, id=35575, stack(0x00007fa50bd00000,0x00007fa50be00000)] _threads_hazard_ptr=0x00007fa4f8000c70
  0x00007fa55c35f000 JavaThread "JDWP Event Helper Thread" daemon [_thread_blocked, id=35578, stack(0x00007fa50bc00000,0x00007fa50bd00000)]
  0x00007fa4fc001800 JavaThread "JDWP Command Reader" daemon [_thread_in_native, id=35579, stack(0x00007fa50bb00000,0x00007fa50bc00000)]

Other Threads:
=>0x00007fa55c1dd000 VMThread "VM Thread" [stack: 0x00007fa538a30000,0x00007fa538b30000] [id=35564]
  0x00007fa55c45b800 WatcherThread [stack: 0x00007fa50ba00000,0x00007fa50bb00000] [id=35583]
  0x00007fa55c030800 GCTaskThread "GC Thread#0" [stack: 0x00007fa561c2a000,0x00007fa561d2a000] [id=35558]
  0x00007fa55c06d000 ConcurrentGCThread "G1 Main Marker" [stack: 0x00007fa56041a000,0x00007fa56051a000] [id=35559]
  0x00007fa55c06f000 ConcurrentGCThread "G1 Conc#0" [stack: 0x00007fa560318000,0x00007fa560418000] [id=35560]
  0x00007fa55c112800 ConcurrentGCThread "G1 Refine#0" [stack: 0x00007fa5441fb000,0x00007fa5442fb000] [id=35561]
  0x00007fa55c114800 ConcurrentGCThread "G1 Young RemSet Sampling" [stack: 0x00007fa5440f9000,0x00007fa5441f9000] [id=35562]

Threads with active compile tasks:

VM state:at safepoint (normal execution)

VM Mutex/Monitor currently owned by a thread:  ([mutex/lock_event])
[0x00007fa55c014f90] Threads_lock - owner thread: 0x00007fa55c1dd000

Heap address: 0x0000000766600000, size: 2458 MB, Compressed Oops mode: Zero based, Oop shift amount: 3
Narrow klass base: 0x0000000800000000, Narrow klass shift: 0
Compressed class space size: 1073741824 Address: 0x0000000800000000

Heap:
 garbage-first heap   total 157696K, used 7168K [0x0000000766600000, 0x0000000800000000)
  region size 1024K, 8 young (8192K), 0 survivors (0K)
 Metaspace       used 10204K, capacity 10359K, committed 10752K, reserved 1058816K
  class space    used 878K, capacity 917K, committed 1024K, reserved 1048576K
Heap Regions: E=young(eden), S=young(survivor), O=old, HS=humongous(starts), HC=humongous(continues), CS=collection set, F=free, A=archive, TAMS=top-at-mark-start (previous, next)
|   0|0x0000000766600000, 0x0000000766600000, 0x0000000766700000|  0%| F|  |TAMS 0x0000000766600000, 0x0000000766600000| Untracked 
|   1|0x0000000766700000, 0x0000000766700000, 0x0000000766800000|  0%| F|  |TAMS 0x0000000766700000, 0x0000000766700000| Untracked 
|   2|0x0000000766800000, 0x0000000766800000, 0x0000000766900000|  0%| F|  |TAMS 0x0000000766800000, 0x0000000766800000| Untracked 
|   3|0x0000000766900000, 0x0000000766900000, 0x0000000766a00000|  0%| F|  |TAMS 0x0000000766900000, 0x0000000766900000| Untracked 
|   4|0x0000000766a00000, 0x0000000766a00000, 0x0000000766b00000|  0%| F|  |TAMS 0x0000000766a00000, 0x0000000766a00000| Untracked 
|   5|0x0000000766b00000, 0x0000000766b00000, 0x0000000766c00000|  0%| F|  |TAMS 0x0000000766b00000, 0x0000000766b00000| Untracked 
|   6|0x0000000766c00000, 0x0000000766c00000, 0x0000000766d00000|  0%| F|  |TAMS 0x0000000766c00000, 0x0000000766c00000| Untracked 
|   7|0x0000000766d00000, 0x0000000766d00000, 0x0000000766e00000|  0%| F|  |TAMS 0x0000000766d00000, 0x0000000766d00000| Untracked 
|   8|0x0000000766e00000, 0x0000000766e00000, 0x0000000766f00000|  0%| F|  |TAMS 0x0000000766e00000, 0x0000000766e00000| Untracked 
|   9|0x0000000766f00000, 0x0000000766f00000, 0x0000000767000000|  0%| F|  |TAMS 0x0000000766f00000, 0x0000000766f00000| Untracked 
|  10|0x0000000767000000, 0x0000000767000000, 0x0000000767100000|  0%| F|  |TAMS 0x0000000767000000, 0x0000000767000000| Untracked 
|  11|0x0000000767100000, 0x0000000767100000, 0x0000000767200000|  0%| F|  |TAMS 0x0000000767100000, 0x0000000767100000| Untracked 
|  12|0x0000000767200000, 0x0000000767200000, 0x0000000767300000|  0%| F|  |TAMS 0x0000000767200000, 0x0000000767200000| Untracked 
|  13|0x0000000767300000, 0x0000000767300000, 0x0000000767400000|  0%| F|  |TAMS 0x0000000767300000, 0x0000000767300000| Untracked 
|  14|0x0000000767400000, 0x0000000767400000, 0x0000000767500000|  0%| F|  |TAMS 0x0000000767400000, 0x0000000767400000| Untracked 
|  15|0x0000000767500000, 0x0000000767500000, 0x0000000767600000|  0%| F|  |TAMS 0x0000000767500000, 0x0000000767500000| Untracked 
|  16|0x0000000767600000, 0x0000000767600000, 0x0000000767700000|  0%| F|  |TAMS 0x0000000767600000, 0x0000000767600000| Untracked 
|  17|0x0000000767700000, 0x0000000767700000, 0x0000000767800000|  0%| F|  |TAMS 0x0000000767700000, 0x0000000767700000| Untracked 
|  18|0x0000000767800000, 0x0000000767800000, 0x0000000767900000|  0%| F|  |TAMS 0x0000000767800000, 0x0000000767800000| Untracked 
|  19|0x0000000767900000, 0x0000000767900000, 0x0000000767a00000|  0%| F|  |TAMS 0x0000000767900000, 0x0000000767900000| Untracked 
|  20|0x0000000767a00000, 0x0000000767a00000, 0x0000000767b00000|  0%| F|  |TAMS 0x0000000767a00000, 0x0000000767a00000| Untracked 
|  21|0x0000000767b00000, 0x0000000767b00000, 0x0000000767c00000|  0%| F|  |TAMS 0x0000000767b00000, 0x0000000767b00000| Untracked 
|  22|0x0000000767c00000, 0x0000000767c00000, 0x0000000767d00000|  0%| F|  |TAMS 0x0000000767c00000, 0x0000000767c00000| Untracked 
|  23|0x0000000767d00000, 0x0000000767d00000, 0x0000000767e00000|  0%| F|  |TAMS 0x0000000767d00000, 0x0000000767d00000| Untracked 
|  24|0x0000000767e00000, 0x0000000767e00000, 0x0000000767f00000|  0%| F|  |TAMS 0x0000000767e00000, 0x0000000767e00000| Untracked 
|  25|0x0000000767f00000, 0x0000000767f00000, 0x0000000768000000|  0%| F|  |TAMS 0x0000000767f00000, 0x0000000767f00000| Untracked 
|  26|0x0000000768000000, 0x0000000768000000, 0x0000000768100000|  0%| F|  |TAMS 0x0000000768000000, 0x0000000768000000| Untracked 
|  27|0x0000000768100000, 0x0000000768100000, 0x0000000768200000|  0%| F|  |TAMS 0x0000000768100000, 0x0000000768100000| Untracked 
|  28|0x0000000768200000, 0x0000000768200000, 0x0000000768300000|  0%| F|  |TAMS 0x0000000768200000, 0x0000000768200000| Untracked 
|  29|0x0000000768300000, 0x0000000768300000, 0x0000000768400000|  0%| F|  |TAMS 0x0000000768300000, 0x0000000768300000| Untracked 
|  30|0x0000000768400000, 0x0000000768400000, 0x0000000768500000|  0%| F|  |TAMS 0x0000000768400000, 0x0000000768400000| Untracked 
|  31|0x0000000768500000, 0x0000000768500000, 0x0000000768600000|  0%| F|  |TAMS 0x0000000768500000, 0x0000000768500000| Untracked 
|  32|0x0000000768600000, 0x0000000768600000, 0x0000000768700000|  0%| F|  |TAMS 0x0000000768600000, 0x0000000768600000| Untracked 
|  33|0x0000000768700000, 0x0000000768700000, 0x0000000768800000|  0%| F|  |TAMS 0x0000000768700000, 0x0000000768700000| Untracked 
|  34|0x0000000768800000, 0x0000000768800000, 0x0000000768900000|  0%| F|  |TAMS 0x0000000768800000, 0x0000000768800000| Untracked 
|  35|0x0000000768900000, 0x0000000768900000, 0x0000000768a00000|  0%| F|  |TAMS 0x0000000768900000, 0x0000000768900000| Untracked 
|  36|0x0000000768a00000, 0x0000000768a00000, 0x0000000768b00000|  0%| F|  |TAMS 0x0000000768a00000, 0x0000000768a00000| Untracked 
|  37|0x0000000768b00000, 0x0000000768b00000, 0x0000000768c00000|  0%| F|  |TAMS 0x0000000768b00000, 0x0000000768b00000| Untracked 
|  38|0x0000000768c00000, 0x0000000768c00000, 0x0000000768d00000|  0%| F|  |TAMS 0x0000000768c00000, 0x0000000768c00000| Untracked 
|  39|0x0000000768d00000, 0x0000000768d00000, 0x0000000768e00000|  0%| F|  |TAMS 0x0000000768d00000, 0x0000000768d00000| Untracked 
|  40|0x0000000768e00000, 0x0000000768e00000, 0x0000000768f00000|  0%| F|  |TAMS 0x0000000768e00000, 0x0000000768e00000| Untracked 
|  41|0x0000000768f00000, 0x0000000768f00000, 0x0000000769000000|  0%| F|  |TAMS 0x0000000768f00000, 0x0000000768f00000| Untracked 
|  42|0x0000000769000000, 0x0000000769000000, 0x0000000769100000|  0%| F|  |TAMS 0x0000000769000000, 0x0000000769000000| Untracked 
|  43|0x0000000769100000, 0x0000000769100000, 0x0000000769200000|  0%| F|  |TAMS 0x0000000769100000, 0x0000000769100000| Untracked 
|  44|0x0000000769200000, 0x0000000769200000, 0x0000000769300000|  0%| F|  |TAMS 0x0000000769200000, 0x0000000769200000| Untracked 
|  45|0x0000000769300000, 0x0000000769300000, 0x0000000769400000|  0%| F|  |TAMS 0x0000000769300000, 0x0000000769300000| Untracked 
|  46|0x0000000769400000, 0x0000000769400000, 0x0000000769500000|  0%| F|  |TAMS 0x0000000769400000, 0x0000000769400000| Untracked 
|  47|0x0000000769500000, 0x0000000769500000, 0x0000000769600000|  0%| F|  |TAMS 0x0000000769500000, 0x0000000769500000| Untracked 
|  48|0x0000000769600000, 0x0000000769600000, 0x0000000769700000|  0%| F|  |TAMS 0x0000000769600000, 0x0000000769600000| Untracked 
|  49|0x0000000769700000, 0x0000000769700000, 0x0000000769800000|  0%| F|  |TAMS 0x0000000769700000, 0x0000000769700000| Untracked 
|  50|0x0000000769800000, 0x0000000769800000, 0x0000000769900000|  0%| F|  |TAMS 0x0000000769800000, 0x0000000769800000| Untracked 
|  51|0x0000000769900000, 0x0000000769900000, 0x0000000769a00000|  0%| F|  |TAMS 0x0000000769900000, 0x0000000769900000| Untracked 
|  52|0x0000000769a00000, 0x0000000769a00000, 0x0000000769b00000|  0%| F|  |TAMS 0x0000000769a00000, 0x0000000769a00000| Untracked 
|  53|0x0000000769b00000, 0x0000000769b00000, 0x0000000769c00000|  0%| F|  |TAMS 0x0000000769b00000, 0x0000000769b00000| Untracked 
|  54|0x0000000769c00000, 0x0000000769c00000, 0x0000000769d00000|  0%| F|  |TAMS 0x0000000769c00000, 0x0000000769c00000| Untracked 
|  55|0x0000000769d00000, 0x0000000769d00000, 0x0000000769e00000|  0%| F|  |TAMS 0x0000000769d00000, 0x0000000769d00000| Untracked 
|  56|0x0000000769e00000, 0x0000000769e00000, 0x0000000769f00000|  0%| F|  |TAMS 0x0000000769e00000, 0x0000000769e00000| Untracked 
|  57|0x0000000769f00000, 0x0000000769f00000, 0x000000076a000000|  0%| F|  |TAMS 0x0000000769f00000, 0x0000000769f00000| Untracked 
|  58|0x000000076a000000, 0x000000076a000000, 0x000000076a100000|  0%| F|  |TAMS 0x000000076a000000, 0x000000076a000000| Untracked 
|  59|0x000000076a100000, 0x000000076a100000, 0x000000076a200000|  0%| F|  |TAMS 0x000000076a100000, 0x000000076a100000| Untracked 
|  60|0x000000076a200000, 0x000000076a200000, 0x000000076a300000|  0%| F|  |TAMS 0x000000076a200000, 0x000000076a200000| Untracked 
|  61|0x000000076a300000, 0x000000076a300000, 0x000000076a400000|  0%| F|  |TAMS 0x000000076a300000, 0x000000076a300000| Untracked 
|  62|0x000000076a400000, 0x000000076a400000, 0x000000076a500000|  0%| F|  |TAMS 0x000000076a400000, 0x000000076a400000| Untracked 
|  63|0x000000076a500000, 0x000000076a500000, 0x000000076a600000|  0%| F|  |TAMS 0x000000076a500000, 0x000000076a500000| Untracked 
|  64|0x000000076a600000, 0x000000076a600000, 0x000000076a700000|  0%| F|  |TAMS 0x000000076a600000, 0x000000076a600000| Untracked 
|  65|0x000000076a700000, 0x000000076a700000, 0x000000076a800000|  0%| F|  |TAMS 0x000000076a700000, 0x000000076a700000| Untracked 
|  66|0x000000076a800000, 0x000000076a800000, 0x000000076a900000|  0%| F|  |TAMS 0x000000076a800000, 0x000000076a800000| Untracked 
|  67|0x000000076a900000, 0x000000076a900000, 0x000000076aa00000|  0%| F|  |TAMS 0x000000076a900000, 0x000000076a900000| Untracked 
|  68|0x000000076aa00000, 0x000000076aa00000, 0x000000076ab00000|  0%| F|  |TAMS 0x000000076aa00000, 0x000000076aa00000| Untracked 
|  69|0x000000076ab00000, 0x000000076ab00000, 0x000000076ac00000|  0%| F|  |TAMS 0x000000076ab00000, 0x000000076ab00000| Untracked 
|  70|0x000000076ac00000, 0x000000076ac00000, 0x000000076ad00000|  0%| F|  |TAMS 0x000000076ac00000, 0x000000076ac00000| Untracked 
|  71|0x000000076ad00000, 0x000000076ad00000, 0x000000076ae00000|  0%| F|  |TAMS 0x000000076ad00000, 0x000000076ad00000| Untracked 
|  72|0x000000076ae00000, 0x000000076ae00000, 0x000000076af00000|  0%| F|  |TAMS 0x000000076ae00000, 0x000000076ae00000| Untracked 
|  73|0x000000076af00000, 0x000000076af00000, 0x000000076b000000|  0%| F|  |TAMS 0x000000076af00000, 0x000000076af00000| Untracked 
|  74|0x000000076b000000, 0x000000076b000000, 0x000000076b100000|  0%| F|  |TAMS 0x000000076b000000, 0x000000076b000000| Untracked 
|  75|0x000000076b100000, 0x000000076b100000, 0x000000076b200000|  0%| F|  |TAMS 0x000000076b100000, 0x000000076b100000| Untracked 
|  76|0x000000076b200000, 0x000000076b200000, 0x000000076b300000|  0%| F|  |TAMS 0x000000076b200000, 0x000000076b200000| Untracked 
|  77|0x000000076b300000, 0x000000076b300000, 0x000000076b400000|  0%| F|  |TAMS 0x000000076b300000, 0x000000076b300000| Untracked 
|  78|0x000000076b400000, 0x000000076b400000, 0x000000076b500000|  0%| F|  |TAMS 0x000000076b400000, 0x000000076b400000| Untracked 
|  79|0x000000076b500000, 0x000000076b500000, 0x000000076b600000|  0%| F|  |TAMS 0x000000076b500000, 0x000000076b500000| Untracked 
|  80|0x000000076b600000, 0x000000076b600000, 0x000000076b700000|  0%| F|  |TAMS 0x000000076b600000, 0x000000076b600000| Untracked 
|  81|0x000000076b700000, 0x000000076b700000, 0x000000076b800000|  0%| F|  |TAMS 0x000000076b700000, 0x000000076b700000| Untracked 
|  82|0x000000076b800000, 0x000000076b800000, 0x000000076b900000|  0%| F|  |TAMS 0x000000076b800000, 0x000000076b800000| Untracked 
|  83|0x000000076b900000, 0x000000076b900000, 0x000000076ba00000|  0%| F|  |TAMS 0x000000076b900000, 0x000000076b900000| Untracked 
|  84|0x000000076ba00000, 0x000000076ba00000, 0x000000076bb00000|  0%| F|  |TAMS 0x000000076ba00000, 0x000000076ba00000| Untracked 
|  85|0x000000076bb00000, 0x000000076bb00000, 0x000000076bc00000|  0%| F|  |TAMS 0x000000076bb00000, 0x000000076bb00000| Untracked 
|  86|0x000000076bc00000, 0x000000076bc00000, 0x000000076bd00000|  0%| F|  |TAMS 0x000000076bc00000, 0x000000076bc00000| Untracked 
|  87|0x000000076bd00000, 0x000000076bd00000, 0x000000076be00000|  0%| F|  |TAMS 0x000000076bd00000, 0x000000076bd00000| Untracked 
|  88|0x000000076be00000, 0x000000076be00000, 0x000000076bf00000|  0%| F|  |TAMS 0x000000076be00000, 0x000000076be00000| Untracked 
|  89|0x000000076bf00000, 0x000000076bf00000, 0x000000076c000000|  0%| F|  |TAMS 0x000000076bf00000, 0x000000076bf00000| Untracked 
|  90|0x000000076c000000, 0x000000076c000000, 0x000000076c100000|  0%| F|  |TAMS 0x000000076c000000, 0x000000076c000000| Untracked 
|  91|0x000000076c100000, 0x000000076c100000, 0x000000076c200000|  0%| F|  |TAMS 0x000000076c100000, 0x000000076c100000| Untracked 
|  92|0x000000076c200000, 0x000000076c200000, 0x000000076c300000|  0%| F|  |TAMS 0x000000076c200000, 0x000000076c200000| Untracked 
|  93|0x000000076c300000, 0x000000076c300000, 0x000000076c400000|  0%| F|  |TAMS 0x000000076c300000, 0x000000076c300000| Untracked 
|  94|0x000000076c400000, 0x000000076c400000, 0x000000076c500000|  0%| F|  |TAMS 0x000000076c400000, 0x000000076c400000| Untracked 
|  95|0x000000076c500000, 0x000000076c500000, 0x000000076c600000|  0%| F|  |TAMS 0x000000076c500000, 0x000000076c500000| Untracked 
|  96|0x000000076c600000, 0x000000076c600000, 0x000000076c700000|  0%| F|  |TAMS 0x000000076c600000, 0x000000076c600000| Untracked 
|  97|0x000000076c700000, 0x000000076c700000, 0x000000076c800000|  0%| F|  |TAMS 0x000000076c700000, 0x000000076c700000| Untracked 
|  98|0x000000076c800000, 0x000000076c800000, 0x000000076c900000|  0%| F|  |TAMS 0x000000076c800000, 0x000000076c800000| Untracked 
|  99|0x000000076c900000, 0x000000076c900000, 0x000000076ca00000|  0%| F|  |TAMS 0x000000076c900000, 0x000000076c900000| Untracked 
| 100|0x000000076ca00000, 0x000000076ca00000, 0x000000076cb00000|  0%| F|  |TAMS 0x000000076ca00000, 0x000000076ca00000| Untracked 
| 101|0x000000076cb00000, 0x000000076cb00000, 0x000000076cc00000|  0%| F|  |TAMS 0x000000076cb00000, 0x000000076cb00000| Untracked 
| 102|0x000000076cc00000, 0x000000076cc00000, 0x000000076cd00000|  0%| F|  |TAMS 0x000000076cc00000, 0x000000076cc00000| Untracked 
| 103|0x000000076cd00000, 0x000000076cd00000, 0x000000076ce00000|  0%| F|  |TAMS 0x000000076cd00000, 0x000000076cd00000| Untracked 
| 104|0x000000076ce00000, 0x000000076ce00000, 0x000000076cf00000|  0%| F|  |TAMS 0x000000076ce00000, 0x000000076ce00000| Untracked 
| 105|0x000000076cf00000, 0x000000076cf00000, 0x000000076d000000|  0%| F|  |TAMS 0x000000076cf00000, 0x000000076cf00000| Untracked 
| 106|0x000000076d000000, 0x000000076d000000, 0x000000076d100000|  0%| F|  |TAMS 0x000000076d000000, 0x000000076d000000| Untracked 
| 107|0x000000076d100000, 0x000000076d100000, 0x000000076d200000|  0%| F|  |TAMS 0x000000076d100000, 0x000000076d100000| Untracked 
| 108|0x000000076d200000, 0x000000076d200000, 0x000000076d300000|  0%| F|  |TAMS 0x000000076d200000, 0x000000076d200000| Untracked 
| 109|0x000000076d300000, 0x000000076d300000, 0x000000076d400000|  0%| F|  |TAMS 0x000000076d300000, 0x000000076d300000| Untracked 
| 110|0x000000076d400000, 0x000000076d400000, 0x000000076d500000|  0%| F|  |TAMS 0x000000076d400000, 0x000000076d400000| Untracked 
| 111|0x000000076d500000, 0x000000076d500000, 0x000000076d600000|  0%| F|  |TAMS 0x000000076d500000, 0x000000076d500000| Untracked 
| 112|0x000000076d600000, 0x000000076d600000, 0x000000076d700000|  0%| F|  |TAMS 0x000000076d600000, 0x000000076d600000| Untracked 
| 113|0x000000076d700000, 0x000000076d700000, 0x000000076d800000|  0%| F|  |TAMS 0x000000076d700000, 0x000000076d700000| Untracked 
| 114|0x000000076d800000, 0x000000076d800000, 0x000000076d900000|  0%| F|  |TAMS 0x000000076d800000, 0x000000076d800000| Untracked 
| 115|0x000000076d900000, 0x000000076d900000, 0x000000076da00000|  0%| F|  |TAMS 0x000000076d900000, 0x000000076d900000| Untracked 
| 116|0x000000076da00000, 0x000000076da00000, 0x000000076db00000|  0%| F|  |TAMS 0x000000076da00000, 0x000000076da00000| Untracked 
| 117|0x000000076db00000, 0x000000076db00000, 0x000000076dc00000|  0%| F|  |TAMS 0x000000076db00000, 0x000000076db00000| Untracked 
| 118|0x000000076dc00000, 0x000000076dc00000, 0x000000076dd00000|  0%| F|  |TAMS 0x000000076dc00000, 0x000000076dc00000| Untracked 
| 119|0x000000076dd00000, 0x000000076dd00000, 0x000000076de00000|  0%| F|  |TAMS 0x000000076dd00000, 0x000000076dd00000| Untracked 
| 120|0x000000076de00000, 0x000000076de00000, 0x000000076df00000|  0%| F|  |TAMS 0x000000076de00000, 0x000000076de00000| Untracked 
| 121|0x000000076df00000, 0x000000076df00000, 0x000000076e000000|  0%| F|  |TAMS 0x000000076df00000, 0x000000076df00000| Untracked 
| 122|0x000000076e000000, 0x000000076e000000, 0x000000076e100000|  0%| F|  |TAMS 0x000000076e000000, 0x000000076e000000| Untracked 
| 123|0x000000076e100000, 0x000000076e100000, 0x000000076e200000|  0%| F|  |TAMS 0x000000076e100000, 0x000000076e100000| Untracked 
| 124|0x000000076e200000, 0x000000076e200000, 0x000000076e300000|  0%| F|  |TAMS 0x000000076e200000, 0x000000076e200000| Untracked 
| 125|0x000000076e300000, 0x000000076e300000, 0x000000076e400000|  0%| F|  |TAMS 0x000000076e300000, 0x000000076e300000| Untracked 
| 126|0x000000076e400000, 0x000000076e400000, 0x000000076e500000|  0%| F|  |TAMS 0x000000076e400000, 0x000000076e400000| Untracked 
| 127|0x000000076e500000, 0x000000076e500000, 0x000000076e600000|  0%| F|  |TAMS 0x000000076e500000, 0x000000076e500000| Untracked 
| 128|0x000000076e600000, 0x000000076e600000, 0x000000076e700000|  0%| F|  |TAMS 0x000000076e600000, 0x000000076e600000| Untracked 
| 129|0x000000076e700000, 0x000000076e700000, 0x000000076e800000|  0%| F|  |TAMS 0x000000076e700000, 0x000000076e700000| Untracked 
| 130|0x000000076e800000, 0x000000076e800000, 0x000000076e900000|  0%| F|  |TAMS 0x000000076e800000, 0x000000076e800000| Untracked 
| 131|0x000000076e900000, 0x000000076e900000, 0x000000076ea00000|  0%| F|  |TAMS 0x000000076e900000, 0x000000076e900000| Untracked 
| 132|0x000000076ea00000, 0x000000076ea00000, 0x000000076eb00000|  0%| F|  |TAMS 0x000000076ea00000, 0x000000076ea00000| Untracked 
| 133|0x000000076eb00000, 0x000000076eb00000, 0x000000076ec00000|  0%| F|  |TAMS 0x000000076eb00000, 0x000000076eb00000| Untracked 
| 134|0x000000076ec00000, 0x000000076ec00000, 0x000000076ed00000|  0%| F|  |TAMS 0x000000076ec00000, 0x000000076ec00000| Untracked 
| 135|0x000000076ed00000, 0x000000076ed00000, 0x000000076ee00000|  0%| F|  |TAMS 0x000000076ed00000, 0x000000076ed00000| Untracked 
| 136|0x000000076ee00000, 0x000000076ee00000, 0x000000076ef00000|  0%| F|  |TAMS 0x000000076ee00000, 0x000000076ee00000| Untracked 
| 137|0x000000076ef00000, 0x000000076ef00000, 0x000000076f000000|  0%| F|  |TAMS 0x000000076ef00000, 0x000000076ef00000| Untracked 
| 138|0x000000076f000000, 0x000000076f000000, 0x000000076f100000|  0%| F|  |TAMS 0x000000076f000000, 0x000000076f000000| Untracked 
| 139|0x000000076f100000, 0x000000076f100000, 0x000000076f200000|  0%| F|  |TAMS 0x000000076f100000, 0x000000076f100000| Untracked 
| 140|0x000000076f200000, 0x000000076f200000, 0x000000076f300000|  0%| F|  |TAMS 0x000000076f200000, 0x000000076f200000| Untracked 
| 141|0x000000076f300000, 0x000000076f300000, 0x000000076f400000|  0%| F|  |TAMS 0x000000076f300000, 0x000000076f300000| Untracked 
| 142|0x000000076f400000, 0x000000076f400000, 0x000000076f500000|  0%| F|  |TAMS 0x000000076f400000, 0x000000076f400000| Untracked 
| 143|0x000000076f500000, 0x000000076f500000, 0x000000076f600000|  0%| F|  |TAMS 0x000000076f500000, 0x000000076f500000| Untracked 
| 144|0x000000076f600000, 0x000000076f600000, 0x000000076f700000|  0%| F|  |TAMS 0x000000076f600000, 0x000000076f600000| Untracked 
| 145|0x000000076f700000, 0x000000076f700000, 0x000000076f800000|  0%| F|  |TAMS 0x000000076f700000, 0x000000076f700000| Untracked 
| 146|0x000000076f800000, 0x000000076f87b830, 0x000000076f900000| 48%| E|  |TAMS 0x000000076f800000, 0x000000076f800000| Complete 
| 147|0x000000076f900000, 0x000000076fa00000, 0x000000076fa00000|100%| E|CS|TAMS 0x000000076f900000, 0x000000076f900000| Complete 
| 148|0x000000076fa00000, 0x000000076fb00000, 0x000000076fb00000|100%| E|CS|TAMS 0x000000076fa00000, 0x000000076fa00000| Complete 
| 149|0x000000076fb00000, 0x000000076fc00000, 0x000000076fc00000|100%| E|CS|TAMS 0x000000076fb00000, 0x000000076fb00000| Complete 
| 150|0x000000076fc00000, 0x000000076fd00000, 0x000000076fd00000|100%| E|CS|TAMS 0x000000076fc00000, 0x000000076fc00000| Complete 
| 151|0x000000076fd00000, 0x000000076fe00000, 0x000000076fe00000|100%| E|CS|TAMS 0x000000076fd00000, 0x000000076fd00000| Complete 
| 152|0x000000076fe00000, 0x000000076ff00000, 0x000000076ff00000|100%| E|CS|TAMS 0x000000076fe00000, 0x000000076fe00000| Complete 
| 153|0x000000076ff00000, 0x0000000770000000, 0x0000000770000000|100%| E|CS|TAMS 0x000000076ff00000, 0x000000076ff00000| Complete 

Card table byte_map: [0x00007fa560a86000,0x00007fa560f53000] _byte_map_base: 0x00007fa55cf53000

Marking Bits (Prev, Next): (CMBitMap*) 0x00007fa55c062618, (CMBitMap*) 0x00007fa55c062650
 Prev Bits: [0x00007fa53d998000, 0x00007fa540000000)
 Next Bits: [0x00007fa53b330000, 0x00007fa53d998000)

Polling page: 0x00007fa563a4d000

Metaspace:

Usage:
  Non-class:      9.22 MB capacity,     9.11 MB ( 99%) used,   106.23 KB (  1%) free+waste,     9.81 KB ( <1%) overhead. 
      Class:    917.00 KB capacity,   878.16 KB ( 96%) used,    35.09 KB (  4%) free+waste,     3.75 KB ( <1%) overhead. 
       Both:     10.12 MB capacity,     9.96 MB ( 99%) used,   141.31 KB (  1%) free+waste,    13.56 KB ( <1%) overhead. 

Virtual space:
  Non-class space:       10.00 MB reserved,       9.50 MB ( 95%) committed 
      Class space:        1.00 GB reserved,       1.00 MB ( <1%) committed 
             Both:        1.01 GB reserved,      10.50 MB (  1%) committed 

Chunk freelists:
   Non-Class:  38.00 KB
       Class:  11.00 KB
        Both:  49.00 KB

MaxMetaspaceSize: unlimited
CompressedClassSpaceSize: 1.00 GB
Initial GC threshold: 20.80 MB
Current GC threshold: 20.80 MB
CDS: off

CodeHeap 'non-profiled nmethods': size=120032Kb used=173Kb max_used=173Kb free=119858Kb
 bounds [0x00007fa54c2c8000, 0x00007fa54c538000, 0x00007fa553800000]
CodeHeap 'profiled nmethods': size=120028Kb used=809Kb max_used=809Kb free=119218Kb
 bounds [0x00007fa544d91000, 0x00007fa545001000, 0x00007fa54c2c8000]
CodeHeap 'non-nmethods': size=5700Kb used=1190Kb max_used=1203Kb free=4509Kb
 bounds [0x00007fa544800000, 0x00007fa544a70000, 0x00007fa544d91000]
 total_blobs=980 nmethods=598 adapters=304
 compilation: enabled
              stopped_count=0, restarted_count=0
 full_count=0

Compilation events (20 events):
Event: 1167.608 Thread 0x00007fa55c204800  589       1       java.net.URL::getRef (5 bytes)
Event: 1167.608 Thread 0x00007fa55c204800 nmethod 589 0x00007fa54c2f1b10 code [0x00007fa54c2f1cc0, 0x00007fa54c2f1d70]
Event: 1167.608 Thread 0x00007fa55c204800  590       3       org.eclipse.jdt.launching.internal.org.objectweb.asm.SymbolTable::addConstantMemberReference (29 bytes)
Event: 1167.608 Thread 0x00007fa55c202800  593       4       org.eclipse.jdt.launching.internal.org.objectweb.asm.ClassReader::readUtf (161 bytes)
Event: 1167.609 Thread 0x00007fa55c204800 nmethod 590 0x00007fa544e59210 code [0x00007fa544e59420, 0x00007fa544e59840]
Event: 1167.609 Thread 0x00007fa55c204800  591       3       org.eclipse.jdt.launching.internal.org.objectweb.asm.SymbolTable::hash (20 bytes)
Event: 1167.609 Thread 0x00007fa55c204800 nmethod 591 0x00007fa544e59b90 code [0x00007fa544e59d60, 0x00007fa544e59f20]
Event: 1167.609 Thread 0x00007fa55c204800  592       3       org.eclipse.jdt.launching.internal.org.objectweb.asm.SymbolTable::addConstantNameAndType (28 bytes)
Event: 1167.610 Thread 0x00007fa55c204800 nmethod 592 0x00007fa544e5a090 code [0x00007fa544e5a280, 0x00007fa544e5a630]
Event: 1167.632 Thread 0x00007fa55c202800 nmethod 593 0x00007fa54c2f1e10 code [0x00007fa54c2f1fc0, 0x00007fa54c2f2818]
Event: 1238.329 Thread 0x00007fa55c204800  594       1       java.net.URL::getPath (5 bytes)
Event: 1238.329 Thread 0x00007fa55c204800 nmethod 594 0x00007fa54c2f2c90 code [0x00007fa54c2f2e40, 0x00007fa54c2f2ef0]
Event: 1238.330 Thread 0x00007fa55c204800  595       3       org.eclipse.jdt.launching.internal.org.objectweb.asm.ClassReader::readInt (52 bytes)
Event: 1238.330 Thread 0x00007fa55c204800 nmethod 595 0x00007fa544e5a890 code [0x00007fa544e5aa40, 0x00007fa544e5ac10]
Event: 1695.593 Thread 0x00007fa55c204800  596       1       java.net.URL::getAuthority (5 bytes)
Event: 1695.593 Thread 0x00007fa55c204800 nmethod 596 0x00007fa54c2f2f90 code [0x00007fa54c2f3140, 0x00007fa54c2f31f0]
Event: 1695.594 Thread 0x00007fa55c204800  597       1       java.net.URL::getQuery (5 bytes)
Event: 1695.594 Thread 0x00007fa55c204800 nmethod 597 0x00007fa54c2f3290 code [0x00007fa54c2f3440, 0x00007fa54c2f34f0]
Event: 1740.181 Thread 0x00007fa55c204800  598       3       org.eclipse.jdt.launching.internal.org.objectweb.asm.SymbolTable::addConstantUtf8Reference (20 bytes)
Event: 1740.181 Thread 0x00007fa55c204800 nmethod 598 0x00007fa544e5ad10 code [0x00007fa544e5af00, 0x00007fa544e5b260]

GC Heap History (0 events):
No events

Deoptimization events (20 events):
Event: 0.472 Thread 0x00007fa55c017000 Uncommon trap: trap_request=0xffffff4d fr.pc=0x00007fa54c2d8ffc relative=0x000000000000005c
Event: 0.472 Thread 0x00007fa55c017000 Uncommon trap: reason=unstable_if action=reinterpret pc=0x00007fa54c2d8ffc method=java.lang.String.isLatin1()Z @ 10 c2
Event: 0.472 Thread 0x00007fa55c017000 DEOPT PACKING pc=0x00007fa54c2d8ffc sp=0x00007fa561ffe440
Event: 0.472 Thread 0x00007fa55c017000 DEOPT UNPACKING pc=0x00007fa544849ea5 sp=0x00007fa561ffe400 mode 2
Event: 0.502 Thread 0x00007fa55c017000 Uncommon trap: trap_request=0xffffffde fr.pc=0x00007fa54c2ed7fc relative=0x000000000000021c
Event: 0.502 Thread 0x00007fa55c017000 Uncommon trap: reason=class_check action=maybe_recompile pc=0x00007fa54c2ed7fc method=java.util.regex.Matcher.getTextLength()I @ 4 c2
Event: 0.502 Thread 0x00007fa55c017000 DEOPT PACKING pc=0x00007fa54c2ed7fc sp=0x00007fa561ffe510
Event: 0.502 Thread 0x00007fa55c017000 DEOPT UNPACKING pc=0x00007fa544849ea5 sp=0x00007fa561ffe470 mode 2
Event: 0.502 Thread 0x00007fa55c017000 Uncommon trap: trap_request=0xffffffde fr.pc=0x00007fa54c2ed7fc relative=0x000000000000021c
Event: 0.502 Thread 0x00007fa55c017000 Uncommon trap: reason=class_check action=maybe_recompile pc=0x00007fa54c2ed7fc method=java.util.regex.Matcher.getTextLength()I @ 4 c2
Event: 0.502 Thread 0x00007fa55c017000 DEOPT PACKING pc=0x00007fa54c2ed7fc sp=0x00007fa561ffe5a0
Event: 0.502 Thread 0x00007fa55c017000 DEOPT UNPACKING pc=0x00007fa544849ea5 sp=0x00007fa561ffe500 mode 2
Event: 0.504 Thread 0x00007fa55c017000 Uncommon trap: trap_request=0xffffffde fr.pc=0x00007fa54c2ed7fc relative=0x000000000000021c
Event: 0.504 Thread 0x00007fa55c017000 Uncommon trap: reason=class_check action=maybe_recompile pc=0x00007fa54c2ed7fc method=java.util.regex.Matcher.getTextLength()I @ 4 c2
Event: 0.504 Thread 0x00007fa55c017000 DEOPT PACKING pc=0x00007fa54c2ed7fc sp=0x00007fa561ffe5a0
Event: 0.504 Thread 0x00007fa55c017000 DEOPT UNPACKING pc=0x00007fa544849ea5 sp=0x00007fa561ffe500 mode 2
Event: 0.504 Thread 0x00007fa55c017000 Uncommon trap: trap_request=0xffffffde fr.pc=0x00007fa54c2ed7fc relative=0x000000000000021c
Event: 0.504 Thread 0x00007fa55c017000 Uncommon trap: reason=class_check action=maybe_recompile pc=0x00007fa54c2ed7fc method=java.util.regex.Matcher.getTextLength()I @ 4 c2
Event: 0.504 Thread 0x00007fa55c017000 DEOPT PACKING pc=0x00007fa54c2ed7fc sp=0x00007fa561ffe5a0
Event: 0.504 Thread 0x00007fa55c017000 DEOPT UNPACKING pc=0x00007fa544849ea5 sp=0x00007fa561ffe500 mode 2

Classes redefined (6 events):
Event: 58.566 Thread 0x00007fa55c1dd000 redefined class name=Control.Main, count=1
Event: 70.419 Thread 0x00007fa55c1dd000 redefined class name=Control.Main, count=2
Event: 1167.613 Thread 0x00007fa55c1dd000 redefined class name=Control.Main, count=3
Event: 1238.333 Thread 0x00007fa55c1dd000 redefined class name=Control.Main, count=4
Event: 1695.599 Thread 0x00007fa55c1dd000 redefined class name=Control.Main, count=5
Event: 1740.185 Thread 0x00007fa55c1dd000 redefined class name=Control.Main, count=6

Internal exceptions (1 events):
Event: 0.452 Thread 0x00007fa55c017000 Exception <a 'java/lang/NoSuchMethodError'{0x000000076fbf6468}: 'int java.lang.invoke.DirectMethodHandle$Holder.invokeSpecialIFC(java.lang.Object, java.lang.Object, int)'> (0x000000076fbf6468) thrown at [src/hotspot/share/interpreter/linkResolver.cpp, line 772]

Events (20 events):
Event: 1695.629 Executing VM operation: GetFrameCount done
Event: 1695.629 Executing VM operation: GetOwnedMonitorInfo
Event: 1695.629 Executing VM operation: GetOwnedMonitorInfo done
Event: 1695.629 Executing VM operation: GetCurrentContendedMonitor
Event: 1695.629 Executing VM operation: GetCurrentContendedMonitor done
Event: 1740.182 Executing VM operation: RedefineClasses
Event: 1740.186 Executing VM operation: RedefineClasses done
Event: 1740.200 Executing VM operation: ChangeBreakpoints
Event: 1740.200 Executing VM operation: ChangeBreakpoints done
Event: 1740.201 Executing VM operation: GetFrameCount
Event: 1740.201 Executing VM operation: GetFrameCount done
Event: 1740.201 Executing VM operation: GetStackTrace
Event: 1740.201 Executing VM operation: GetStackTrace done
Event: 1740.291 Executing VM operation: GetFrameCount
Event: 1740.291 Executing VM operation: GetFrameCount done
Event: 1740.292 Executing VM operation: GetOwnedMonitorInfo
Event: 1740.292 Executing VM operation: GetOwnedMonitorInfo done
Event: 1740.292 Executing VM operation: GetCurrentContendedMonitor
Event: 1740.292 Executing VM operation: GetCurrentContendedMonitor done
Event: 1806.532 Executing VM operation: GetOrSetLocal


Dynamic libraries:
766600000-770000000 rw-p 00000000 00:00 0 
770000000-800000000 ---p 00000000 00:00 0 
800000000-800100000 rw-p 00000000 00:00 0 
800100000-840000000 ---p 00000000 00:00 0 
561e95c3c000-561e95c3d000 r--p 00000000 103:03 3286296                   /usr/lib/jvm/java-11-openjdk/bin/java
561e95c3d000-561e95c3e000 r-xp 00001000 103:03 3286296                   /usr/lib/jvm/java-11-openjdk/bin/java
561e95c3e000-561e95c3f000 r--p 00002000 103:03 3286296                   /usr/lib/jvm/java-11-openjdk/bin/java
561e95c3f000-561e95c40000 r--p 00002000 103:03 3286296                   /usr/lib/jvm/java-11-openjdk/bin/java
561e95c40000-561e95c41000 rw-p 00003000 103:03 3286296                   /usr/lib/jvm/java-11-openjdk/bin/java
561e95c4c000-561e95c6d000 rw-p 00000000 00:00 0                          [heap]
7fa4e8000000-7fa4e8021000 rw-p 00000000 00:00 0 
7fa4e8021000-7fa4ec000000 ---p 00000000 00:00 0 
7fa4f0000000-7fa4f0021000 rw-p 00000000 00:00 0 
7fa4f0021000-7fa4f4000000 ---p 00000000 00:00 0 
7fa4f4000000-7fa4f4021000 rw-p 00000000 00:00 0 
7fa4f4021000-7fa4f8000000 ---p 00000000 00:00 0 
7fa4f8000000-7fa4f8115000 rw-p 00000000 00:00 0 
7fa4f8115000-7fa4fc000000 ---p 00000000 00:00 0 
7fa4fc000000-7fa4fc077000 rw-p 00000000 00:00 0 
7fa4fc077000-7fa500000000 ---p 00000000 00:00 0 
7fa500000000-7fa500021000 rw-p 00000000 00:00 0 
7fa500021000-7fa504000000 ---p 00000000 00:00 0 
7fa504000000-7fa504021000 rw-p 00000000 00:00 0 
7fa504021000-7fa508000000 ---p 00000000 00:00 0 
7fa50b7fe000-7fa50b97e000 rw-p 00000000 00:00 0 
7fa50b97e000-7fa50b9fe000 ---p 00000000 00:00 0 
7fa50b9fe000-7fa50b9ff000 ---p 00000000 00:00 0 
7fa50b9ff000-7fa50bb00000 rw-p 00000000 00:00 0 
7fa50bb00000-7fa50bb04000 ---p 00000000 00:00 0 
7fa50bb04000-7fa50bc00000 rw-p 00000000 00:00 0 
7fa50bc00000-7fa50bc04000 ---p 00000000 00:00 0 
7fa50bc04000-7fa50bd00000 rw-p 00000000 00:00 0 
7fa50bd00000-7fa50bd04000 ---p 00000000 00:00 0 
7fa50bd04000-7fa50be00000 rw-p 00000000 00:00 0 
7fa50be00000-7fa50be04000 ---p 00000000 00:00 0 
7fa50be04000-7fa50bf00000 rw-p 00000000 00:00 0 
7fa50bf00000-7fa50bf04000 ---p 00000000 00:00 0 
7fa50bf04000-7fa50c000000 rw-p 00000000 00:00 0 
7fa50c000000-7fa50c17b000 rw-p 00000000 00:00 0 
7fa50c17b000-7fa510000000 ---p 00000000 00:00 0 
7fa510000000-7fa5100b1000 rw-p 00000000 00:00 0 
7fa5100b1000-7fa514000000 ---p 00000000 00:00 0 
7fa514000000-7fa514021000 rw-p 00000000 00:00 0 
7fa514021000-7fa518000000 ---p 00000000 00:00 0 
7fa518000000-7fa518021000 rw-p 00000000 00:00 0 
7fa518021000-7fa51c000000 ---p 00000000 00:00 0 
7fa51c000000-7fa51c021000 rw-p 00000000 00:00 0 
7fa51c021000-7fa520000000 ---p 00000000 00:00 0 
7fa520000000-7fa520021000 rw-p 00000000 00:00 0 
7fa520021000-7fa524000000 ---p 00000000 00:00 0 
7fa524000000-7fa524021000 rw-p 00000000 00:00 0 
7fa524021000-7fa528000000 ---p 00000000 00:00 0 
7fa528000000-7fa528021000 rw-p 00000000 00:00 0 
7fa528021000-7fa52c000000 ---p 00000000 00:00 0 
7fa52c000000-7fa52c021000 rw-p 00000000 00:00 0 
7fa52c021000-7fa530000000 ---p 00000000 00:00 0 
7fa530000000-7fa530021000 rw-p 00000000 00:00 0 
7fa530021000-7fa534000000 ---p 00000000 00:00 0 
7fa534000000-7fa534021000 rw-p 00000000 00:00 0 
7fa534021000-7fa538000000 ---p 00000000 00:00 0 
7fa538000000-7fa538004000 ---p 00000000 00:00 0 
7fa538004000-7fa538100000 rw-p 00000000 00:00 0 
7fa538100000-7fa538104000 ---p 00000000 00:00 0 
7fa538104000-7fa538200000 rw-p 00000000 00:00 0 
7fa538200000-7fa538204000 ---p 00000000 00:00 0 
7fa538204000-7fa538300000 rw-p 00000000 00:00 0 
7fa538300000-7fa538304000 ---p 00000000 00:00 0 
7fa538304000-7fa538400000 rw-p 00000000 00:00 0 
7fa538400000-7fa5386e9000 r--p 00000000 103:03 3175860                   /usr/lib/locale/locale-archive
7fa5386ec000-7fa5386f0000 r--p 00000000 103:03 3159727                   /usr/lib/libnss_myhostname.so.2
7fa5386f0000-7fa5386fe000 r-xp 00004000 103:03 3159727                   /usr/lib/libnss_myhostname.so.2
7fa5386fe000-7fa538709000 r--p 00012000 103:03 3159727                   /usr/lib/libnss_myhostname.so.2
7fa538709000-7fa53870e000 r--p 0001d000 103:03 3159727                   /usr/lib/libnss_myhostname.so.2
7fa53870e000-7fa53870f000 rw-p 00022000 103:03 3159727                   /usr/lib/libnss_myhostname.so.2
7fa53870f000-7fa538712000 r--p 00000000 103:03 3159730                   /usr/lib/libnss_resolve.so.2
7fa538712000-7fa538726000 r-xp 00003000 103:03 3159730                   /usr/lib/libnss_resolve.so.2
7fa538726000-7fa53872c000 r--p 00017000 103:03 3159730                   /usr/lib/libnss_resolve.so.2
7fa53872c000-7fa53872d000 r--p 0001c000 103:03 3159730                   /usr/lib/libnss_resolve.so.2
7fa53872d000-7fa53872e000 rw-p 0001d000 103:03 3159730                   /usr/lib/libnss_resolve.so.2
7fa53872e000-7fa538732000 ---p 00000000 00:00 0 
7fa538732000-7fa53882e000 rw-p 00000000 00:00 0 
7fa53882e000-7fa538832000 ---p 00000000 00:00 0 
7fa538832000-7fa53892e000 rw-p 00000000 00:00 0 
7fa53892e000-7fa538932000 ---p 00000000 00:00 0 
7fa538932000-7fa538a2e000 rw-p 00000000 00:00 0 
7fa538a2e000-7fa538a2f000 ---p 00000000 00:00 0 
7fa538a2f000-7fa53b598000 rw-p 00000000 00:00 0 
7fa53b598000-7fa53d998000 ---p 00000000 00:00 0 
7fa53d998000-7fa53dc00000 rw-p 00000000 00:00 0 
7fa53dc00000-7fa540000000 ---p 00000000 00:00 0 
7fa540000000-7fa540021000 rw-p 00000000 00:00 0 
7fa540021000-7fa544000000 ---p 00000000 00:00 0 
7fa544006000-7fa54400d000 r--p 00000000 103:03 3159728                   /usr/lib/libnss_mymachines.so.2
7fa54400d000-7fa54403e000 r-xp 00007000 103:03 3159728                   /usr/lib/libnss_mymachines.so.2
7fa54403e000-7fa54404e000 r--p 00038000 103:03 3159728                   /usr/lib/libnss_mymachines.so.2
7fa54404e000-7fa544051000 r--p 00047000 103:03 3159728                   /usr/lib/libnss_mymachines.so.2
7fa544051000-7fa544052000 rw-p 0004a000 103:03 3159728                   /usr/lib/libnss_mymachines.so.2
7fa544052000-7fa544053000 rw-p 00000000 00:00 0 
7fa54405e000-7fa544062000 r--p 00000000 103:03 3286370                   /usr/lib/jvm/java-11-openjdk/lib/libnet.so
7fa544062000-7fa544070000 r-xp 00004000 103:03 3286370                   /usr/lib/jvm/java-11-openjdk/lib/libnet.so
7fa544070000-7fa544074000 r--p 00012000 103:03 3286370                   /usr/lib/jvm/java-11-openjdk/lib/libnet.so
7fa544074000-7fa544075000 r--p 00015000 103:03 3286370                   /usr/lib/jvm/java-11-openjdk/lib/libnet.so
7fa544075000-7fa544076000 rw-p 00016000 103:03 3286370                   /usr/lib/jvm/java-11-openjdk/lib/libnet.so
7fa544076000-7fa5440f7000 rw-p 00000000 00:00 0 
7fa5440f7000-7fa5440f8000 ---p 00000000 00:00 0 
7fa5440f8000-7fa5441f9000 rw-p 00000000 00:00 0 
7fa5441f9000-7fa5441fa000 ---p 00000000 00:00 0 
7fa5441fa000-7fa544800000 rw-p 00000000 00:00 0 
7fa544800000-7fa544a70000 rwxp 00000000 00:00 0 
7fa544a70000-7fa544d91000 ---p 00000000 00:00 0 
7fa544d91000-7fa545001000 rwxp 00000000 00:00 0 
7fa545001000-7fa54c2c8000 ---p 00000000 00:00 0 
7fa54c2c8000-7fa54c538000 rwxp 00000000 00:00 0 
7fa54c538000-7fa553800000 ---p 00000000 00:00 0 
7fa553800000-7fa55bfef000 r--s 00000000 103:03 3286387                   /usr/lib/jvm/java-11-openjdk/lib/modules
7fa55c000000-7fa55c526000 rw-p 00000000 00:00 0 
7fa55c526000-7fa560000000 ---p 00000000 00:00 0 
7fa560000000-7fa560007000 r--p 00000000 103:03 3286372                   /usr/lib/jvm/java-11-openjdk/lib/libnio.so
7fa560007000-7fa56000e000 r-xp 00007000 103:03 3286372                   /usr/lib/jvm/java-11-openjdk/lib/libnio.so
7fa56000e000-7fa560011000 r--p 0000e000 103:03 3286372                   /usr/lib/jvm/java-11-openjdk/lib/libnio.so
7fa560011000-7fa560012000 r--p 00010000 103:03 3286372                   /usr/lib/jvm/java-11-openjdk/lib/libnio.so
7fa560012000-7fa560013000 rw-p 00011000 103:03 3286372                   /usr/lib/jvm/java-11-openjdk/lib/libnio.so
7fa560013000-7fa560316000 rw-p 00000000 00:00 0 
7fa560316000-7fa560317000 ---p 00000000 00:00 0 
7fa560317000-7fa560418000 rw-p 00000000 00:00 0 
7fa560418000-7fa560419000 ---p 00000000 00:00 0 
7fa560419000-7fa560606000 rw-p 00000000 00:00 0 
7fa560606000-7fa560a86000 ---p 00000000 00:00 0 
7fa560a86000-7fa560ad3000 rw-p 00000000 00:00 0 
7fa560ad3000-7fa560f53000 ---p 00000000 00:00 0 
7fa560f53000-7fa560fa0000 rw-p 00000000 00:00 0 
7fa560fa0000-7fa561420000 ---p 00000000 00:00 0 
7fa561420000-7fa561c28000 rw-p 00000000 00:00 0 
7fa561c28000-7fa561c29000 ---p 00000000 00:00 0 
7fa561c29000-7fa561d2f000 rw-p 00000000 00:00 0 
7fa561d2f000-7fa561e15000 ---p 00000000 00:00 0 
7fa561e15000-7fa561e1a000 rw-p 00000000 00:00 0 
7fa561e1a000-7fa561f00000 ---p 00000000 00:00 0 
7fa561f00000-7fa561f04000 ---p 00000000 00:00 0 
7fa561f04000-7fa562000000 rw-p 00000000 00:00 0 
7fa562000000-7fa562099000 r--p 00000000 103:03 3149919                   /usr/lib/libstdc++.so.6.0.30
7fa562099000-7fa5621af000 r-xp 00099000 103:03 3149919                   /usr/lib/libstdc++.so.6.0.30
7fa5621af000-7fa562226000 r--p 001af000 103:03 3149919                   /usr/lib/libstdc++.so.6.0.30
7fa562226000-7fa562233000 r--p 00225000 103:03 3149919                   /usr/lib/libstdc++.so.6.0.30
7fa562233000-7fa562234000 rw-p 00232000 103:03 3149919                   /usr/lib/libstdc++.so.6.0.30
7fa562234000-7fa562237000 rw-p 00000000 00:00 0 
7fa56223d000-7fa562240000 r--p 00000000 103:03 3158689                   /usr/lib/libcap.so.2.66
7fa562240000-7fa562245000 r-xp 00003000 103:03 3158689                   /usr/lib/libcap.so.2.66
7fa562245000-7fa562247000 r--p 00008000 103:03 3158689                   /usr/lib/libcap.so.2.66
7fa562247000-7fa562248000 r--p 00009000 103:03 3158689                   /usr/lib/libcap.so.2.66
7fa562248000-7fa562249000 rw-p 0000a000 103:03 3158689                   /usr/lib/libcap.so.2.66
7fa562249000-7fa56224b000 r--p 00000000 103:03 3286334                   /usr/lib/jvm/java-11-openjdk/lib/libdt_socket.so
7fa56224b000-7fa56224e000 r-xp 00002000 103:03 3286334                   /usr/lib/jvm/java-11-openjdk/lib/libdt_socket.so
7fa56224e000-7fa56224f000 r--p 00005000 103:03 3286334                   /usr/lib/jvm/java-11-openjdk/lib/libdt_socket.so
7fa56224f000-7fa562250000 r--p 00005000 103:03 3286334                   /usr/lib/jvm/java-11-openjdk/lib/libdt_socket.so
7fa562250000-7fa562251000 rw-p 00006000 103:03 3286334                   /usr/lib/jvm/java-11-openjdk/lib/libdt_socket.so
7fa562251000-7fa5622ac000 rw-p 00000000 00:00 0 
7fa5622ac000-7fa5622ae000 r--p 00000000 103:03 3286354                   /usr/lib/jvm/java-11-openjdk/lib/libjdwp.so
7fa5622ae000-7fa5622db000 r-xp 00002000 103:03 3286354                   /usr/lib/jvm/java-11-openjdk/lib/libjdwp.so
7fa5622db000-7fa5622e9000 r--p 0002f000 103:03 3286354                   /usr/lib/jvm/java-11-openjdk/lib/libjdwp.so
7fa5622e9000-7fa5622ea000 r--p 0003c000 103:03 3286354                   /usr/lib/jvm/java-11-openjdk/lib/libjdwp.so
7fa5622ea000-7fa5622eb000 rw-p 0003d000 103:03 3286354                   /usr/lib/jvm/java-11-openjdk/lib/libjdwp.so
7fa5622eb000-7fa5622f9000 r--p 00000000 103:03 3286350                   /usr/lib/jvm/java-11-openjdk/lib/libjava.so
7fa5622f9000-7fa56230f000 r-xp 0000e000 103:03 3286350                   /usr/lib/jvm/java-11-openjdk/lib/libjava.so
7fa56230f000-7fa562315000 r--p 00024000 103:03 3286350                   /usr/lib/jvm/java-11-openjdk/lib/libjava.so
7fa562315000-7fa562316000 r--p 0002a000 103:03 3286350                   /usr/lib/jvm/java-11-openjdk/lib/libjava.so
7fa562316000-7fa562317000 rw-p 0002b000 103:03 3286350                   /usr/lib/jvm/java-11-openjdk/lib/libjava.so
7fa562317000-7fa562318000 rw-p 00000000 00:00 0 
7fa562318000-7fa562326000 r--p 00000000 103:03 3149106                   /usr/lib/libm.so.6
7fa562326000-7fa5623a0000 r-xp 0000e000 103:03 3149106                   /usr/lib/libm.so.6
7fa5623a0000-7fa5623fe000 r--p 00088000 103:03 3149106                   /usr/lib/libm.so.6
7fa5623fe000-7fa5623ff000 r--p 000e5000 103:03 3149106                   /usr/lib/libm.so.6
7fa5623ff000-7fa562400000 rw-p 000e6000 103:03 3149106                   /usr/lib/libm.so.6
7fa562400000-7fa562684000 r--p 00000000 103:03 3286399                   /usr/lib/jvm/java-11-openjdk/lib/server/libjvm.so
7fa562684000-7fa56339d000 r-xp 00284000 103:03 3286399                   /usr/lib/jvm/java-11-openjdk/lib/server/libjvm.so
7fa56339d000-7fa5636a3000 r--p 00f9d000 103:03 3286399                   /usr/lib/jvm/java-11-openjdk/lib/server/libjvm.so
7fa5636a3000-7fa563767000 r--p 012a3000 103:03 3286399                   /usr/lib/jvm/java-11-openjdk/lib/server/libjvm.so
7fa563767000-7fa5637a2000 rw-p 01367000 103:03 3286399                   /usr/lib/jvm/java-11-openjdk/lib/server/libjvm.so
7fa5637a2000-7fa5637fe000 rw-p 00000000 00:00 0 
7fa5637fe000-7fa563805000 ---p 00000000 00:00 0 
7fa563805000-7fa563807000 r--p 00000000 103:03 3286386                   /usr/lib/jvm/java-11-openjdk/lib/libzip.so
7fa563807000-7fa56380b000 r-xp 00002000 103:03 3286386                   /usr/lib/jvm/java-11-openjdk/lib/libzip.so
7fa56380b000-7fa56380d000 r--p 00006000 103:03 3286386                   /usr/lib/jvm/java-11-openjdk/lib/libzip.so
7fa56380d000-7fa56380e000 r--p 00007000 103:03 3286386                   /usr/lib/jvm/java-11-openjdk/lib/libzip.so
7fa56380e000-7fa56380f000 rw-p 00008000 103:03 3286386                   /usr/lib/jvm/java-11-openjdk/lib/libzip.so
7fa56380f000-7fa563811000 r--p 00000000 103:03 3286340                   /usr/lib/jvm/java-11-openjdk/lib/libinstrument.so
7fa563811000-7fa563817000 r-xp 00002000 103:03 3286340                   /usr/lib/jvm/java-11-openjdk/lib/libinstrument.so
7fa563817000-7fa56381a000 r--p 00008000 103:03 3286340                   /usr/lib/jvm/java-11-openjdk/lib/libinstrument.so
7fa56381a000-7fa56381b000 r--p 0000a000 103:03 3286340                   /usr/lib/jvm/java-11-openjdk/lib/libinstrument.so
7fa56381b000-7fa56381c000 rw-p 0000b000 103:03 3286340                   /usr/lib/jvm/java-11-openjdk/lib/libinstrument.so
7fa56381c000-7fa56381d000 r--p 00000000 103:03 3149133                   /usr/lib/librt.so.1
7fa56381d000-7fa56381e000 r-xp 00001000 103:03 3149133                   /usr/lib/librt.so.1
7fa56381e000-7fa56381f000 r--p 00002000 103:03 3149133                   /usr/lib/librt.so.1
7fa56381f000-7fa563820000 r--p 00002000 103:03 3149133                   /usr/lib/librt.so.1
7fa563820000-7fa563821000 rw-p 00003000 103:03 3149133                   /usr/lib/librt.so.1
7fa563821000-7fa563824000 r--p 00000000 103:03 3149889                   /usr/lib/libgcc_s.so.1
7fa563824000-7fa56383b000 r-xp 00003000 103:03 3149889                   /usr/lib/libgcc_s.so.1
7fa56383b000-7fa56383f000 r--p 0001a000 103:03 3149889                   /usr/lib/libgcc_s.so.1
7fa56383f000-7fa563840000 r--p 0001d000 103:03 3149889                   /usr/lib/libgcc_s.so.1
7fa563840000-7fa563841000 rw-p 0001e000 103:03 3149889                   /usr/lib/libgcc_s.so.1
7fa563841000-7fa563844000 rw-p 00000000 00:00 0 
7fa563844000-7fa563847000 r--p 00000000 103:03 3159089                   /usr/lib/libz.so.1.2.12
7fa563847000-7fa563855000 r-xp 00003000 103:03 3159089                   /usr/lib/libz.so.1.2.12
7fa563855000-7fa56385c000 r--p 00011000 103:03 3159089                   /usr/lib/libz.so.1.2.12
7fa56385c000-7fa56385d000 r--p 00017000 103:03 3159089                   /usr/lib/libz.so.1.2.12
7fa56385d000-7fa56385e000 rw-p 00018000 103:03 3159089                   /usr/lib/libz.so.1.2.12
7fa56385e000-7fa563880000 r--p 00000000 103:03 3149094                   /usr/lib/libc.so.6
7fa563880000-7fa5639db000 r-xp 00022000 103:03 3149094                   /usr/lib/libc.so.6
7fa5639db000-7fa563a32000 r--p 0017d000 103:03 3149094                   /usr/lib/libc.so.6
7fa563a32000-7fa563a36000 r--p 001d4000 103:03 3149094                   /usr/lib/libc.so.6
7fa563a36000-7fa563a38000 rw-p 001d8000 103:03 3149094                   /usr/lib/libc.so.6
7fa563a38000-7fa563a45000 rw-p 00000000 00:00 0 
7fa563a45000-7fa563a4d000 rw-s 00000000 00:22 5990                       /tmp/hsperfdata_mateuspx/35550
7fa563a4d000-7fa563a4e000 ---p 00000000 00:00 0 
7fa563a4e000-7fa563a4f000 r--p 00000000 00:00 0 
7fa563a4f000-7fa563a51000 r--p 00000000 103:03 3286356                   /usr/lib/jvm/java-11-openjdk/lib/libjimage.so
7fa563a51000-7fa563a54000 r-xp 00002000 103:03 3286356                   /usr/lib/jvm/java-11-openjdk/lib/libjimage.so
7fa563a54000-7fa563a55000 r--p 00005000 103:03 3286356                   /usr/lib/jvm/java-11-openjdk/lib/libjimage.so
7fa563a55000-7fa563a56000 r--p 00006000 103:03 3286356                   /usr/lib/jvm/java-11-openjdk/lib/libjimage.so
7fa563a56000-7fa563a57000 rw-p 00007000 103:03 3286356                   /usr/lib/jvm/java-11-openjdk/lib/libjimage.so
7fa563a57000-7fa563a5c000 r--p 00000000 103:03 3286384                   /usr/lib/jvm/java-11-openjdk/lib/libverify.so
7fa563a5c000-7fa563a63000 r-xp 00005000 103:03 3286384                   /usr/lib/jvm/java-11-openjdk/lib/libverify.so
7fa563a63000-7fa563a65000 r--p 0000c000 103:03 3286384                   /usr/lib/jvm/java-11-openjdk/lib/libverify.so
7fa563a65000-7fa563a67000 r--p 0000d000 103:03 3286384                   /usr/lib/jvm/java-11-openjdk/lib/libverify.so
7fa563a67000-7fa563a68000 rw-p 0000f000 103:03 3286384                   /usr/lib/jvm/java-11-openjdk/lib/libverify.so
7fa563a68000-7fa563a6b000 r--p 00000000 103:03 3286324                   /usr/lib/jvm/java-11-openjdk/lib/jli/libjli.so
7fa563a6b000-7fa563a75000 r-xp 00003000 103:03 3286324                   /usr/lib/jvm/java-11-openjdk/lib/jli/libjli.so
7fa563a75000-7fa563a78000 r--p 0000d000 103:03 3286324                   /usr/lib/jvm/java-11-openjdk/lib/jli/libjli.so
7fa563a78000-7fa563a79000 r--p 00010000 103:03 3286324                   /usr/lib/jvm/java-11-openjdk/lib/jli/libjli.so
7fa563a79000-7fa563a7a000 rw-p 00011000 103:03 3286324                   /usr/lib/jvm/java-11-openjdk/lib/jli/libjli.so
7fa563a7a000-7fa563a7c000 rw-p 00000000 00:00 0 
7fa563a7c000-7fa563a7d000 r--p 00000000 103:03 3149083                   /usr/lib/ld-linux-x86-64.so.2
7fa563a7d000-7fa563aa3000 r-xp 00001000 103:03 3149083                   /usr/lib/ld-linux-x86-64.so.2
7fa563aa3000-7fa563aad000 r--p 00027000 103:03 3149083                   /usr/lib/ld-linux-x86-64.so.2
7fa563aad000-7fa563aaf000 r--p 00031000 103:03 3149083                   /usr/lib/ld-linux-x86-64.so.2
7fa563aaf000-7fa563ab1000 rw-p 00033000 103:03 3149083                   /usr/lib/ld-linux-x86-64.so.2
7ffcdb67a000-7ffcdb69b000 rw-p 00000000 00:00 0                          [stack]
7ffcdb6e7000-7ffcdb6eb000 r--p 00000000 00:00 0                          [vvar]
7ffcdb6eb000-7ffcdb6ed000 r-xp 00000000 00:00 0                          [vdso]
ffffffffff600000-ffffffffff601000 --xp 00000000 00:00 0                  [vsyscall]


VM Arguments:
jvm_args: -agentlib:jdwp=transport=dt_socket,suspend=y,address=localhost:43189 -javaagent:/home/mateuspx/eclipse/java-2022-06/eclipse/configuration/org.eclipse.osgi/209/0/.cp/lib/javaagent-shaded.jar -Dfile.encoding=UTF-8 
java_command: Control.Main
java_class_path (initial): /home/mateuspx/eclipse-workspace/GoalpeekerRatingSystem/bin
Launcher Type: SUN_STANDARD

[Global flags]
     intx CICompilerCount                          = 4                                         {product} {ergonomic}
     uint ConcGCThreads                            = 2                                         {product} {ergonomic}
     uint G1ConcRefinementThreads                  = 8                                         {product} {ergonomic}
   size_t G1HeapRegionSize                         = 1048576                                   {product} {ergonomic}
    uintx GCDrainStackTargetSize                   = 64                                        {product} {ergonomic}
   size_t InitialHeapSize                          = 161480704                                 {product} {ergonomic}
   size_t MarkStackSize                            = 4194304                                   {product} {ergonomic}
   size_t MaxHeapSize                              = 2577399808                                {product} {ergonomic}
   size_t MaxNewSize                               = 1545601024                                {product} {ergonomic}
   size_t MinHeapDeltaBytes                        = 1048576                                   {product} {ergonomic}
    uintx NonNMethodCodeHeapSize                   = 5836300                                {pd product} {ergonomic}
    uintx NonProfiledCodeHeapSize                  = 122910970                              {pd product} {ergonomic}
    uintx ProfiledCodeHeapSize                     = 122910970                              {pd product} {ergonomic}
    uintx ReservedCodeCacheSize                    = 251658240                              {pd product} {ergonomic}
     bool SegmentedCodeCache                       = true                                      {product} {ergonomic}
     bool UseCompressedClassPointers               = true                                 {lp64_product} {ergonomic}
     bool UseCompressedOops                        = true                                 {lp64_product} {ergonomic}
     bool UseG1GC                                  = true                                      {product} {ergonomic}

Logging:
Log output configuration:
 #0: stdout all=warning uptime,level,tags
 #1: stderr all=off uptime,level,tags

Environment Variables:
PATH=/usr/local/bin:/usr/bin:/var/lib/snapd/snap/bin:/usr/local/sbin:/var/lib/flatpak/exports/bin:/usr/lib/jvm/default/bin:/usr/bin/site_perl:/usr/bin/vendor_perl:/usr/bin/core_perl:/home/mateuspx/.local/share/JetBrains/Toolbox/scripts
USERNAME=mateuspx
SHELL=/usr/bin/zsh
DISPLAY=:1
LANG=en_US.UTF-8

Signal Handlers:
SIGSEGV: [libjvm.so+0xf21e20], sa_mask[0]=11111111011111111101111111111110, sa_flags=SA_RESTART|SA_SIGINFO
SIGBUS: [libjvm.so+0xf21e20], sa_mask[0]=11111111011111111101111111111110, sa_flags=SA_RESTART|SA_SIGINFO
SIGFPE: [libjvm.so+0xf21e20], sa_mask[0]=11111111011111111101111111111110, sa_flags=SA_RESTART|SA_SIGINFO
SIGPIPE: [libjvm.so+0xc844c0], sa_mask[0]=11111111011111111101111111111110, sa_flags=SA_RESTART|SA_SIGINFO
SIGXFSZ: [libjvm.so+0xc844c0], sa_mask[0]=11111111011111111101111111111110, sa_flags=SA_RESTART|SA_SIGINFO
SIGILL: [libjvm.so+0xf21e20], sa_mask[0]=11111111011111111101111111111110, sa_flags=SA_RESTART|SA_SIGINFO
SIGUSR2: [libjvm.so+0xc84360], sa_mask[0]=00100000000000000000000000000000, sa_flags=SA_RESTART|SA_SIGINFO
SIGHUP: [libjvm.so+0xc84c20], sa_mask[0]=11111111011111111101111111111110, sa_flags=SA_RESTART|SA_SIGINFO
SIGINT: [libjvm.so+0xc84c20], sa_mask[0]=11111111011111111101111111111110, sa_flags=SA_RESTART|SA_SIGINFO
SIGTERM: [libjvm.so+0xc84c20], sa_mask[0]=11111111011111111101111111111110, sa_flags=SA_RESTART|SA_SIGINFO
SIGQUIT: [libjvm.so+0xc84c20], sa_mask[0]=11111111011111111101111111111110, sa_flags=SA_RESTART|SA_SIGINFO


---------------  S Y S T E M  ---------------

OS:NAME="Arch Linux"
PRETTY_NAME="Arch Linux"
ID=arch
BUILD_ID=rolling
ANSI_COLOR="38;2;23;147;209"
HOME_URL="https://archlinux.org/"
DOCUMENTATION_URL="https://wiki.archlinux.org/"
SUPPORT_URL="https://bbs.archlinux.org/"
BUG_REPORT_URL="https://bugs.archlinux.org/"
LOGO=archlinux-logo
uname:Linux 5.19.13-arch1-1 #1 SMP PREEMPT_DYNAMIC Tue, 04 Oct 2022 14:36:58 +0000 x86_64
OS uptime: 0 days 7:50 hours
libc:glibc 2.36 NPTL 2.36 
rlimit (soft/hard): STACK 8192k/infinity , CORE infinity/infinity , NPROC 39246/39246 , NOFILE 524288/524288 , AS infinity/infinity , CPU infinity/infinity , DATA infinity/infinity , FSIZE infinity/infinity , MEMLOCK 8192k/8192k
load average:0.96 0.97 0.96

/proc/meminfo:
MemTotal:       10063356 kB
MemFree:          938844 kB
MemAvailable:    3330516 kB
Buffers:          256680 kB
Cached:          2530048 kB
SwapCached:           16 kB
Active:          1418736 kB
Inactive:        6809564 kB
Active(anon):      44752 kB
Inactive(anon):  5669708 kB
Active(file):    1373984 kB
Inactive(file):  1139856 kB
Unevictable:          96 kB
Mlocked:              96 kB
SwapTotal:        614396 kB
SwapFree:         613096 kB
Zswap:                68 kB
Zswapped:            524 kB
Dirty:             17624 kB
Writeback:             0 kB
AnonPages:       5061540 kB
Mapped:           978780 kB
Shmem:            272888 kB
KReclaimable:     191008 kB
Slab:             349908 kB
SReclaimable:     191008 kB
SUnreclaim:       158900 kB
KernelStack:       23728 kB
PageTables:        59776 kB
NFS_Unstable:          0 kB
Bounce:                0 kB
WritebackTmp:          0 kB
CommitLimit:     5646072 kB
Committed_AS:   16571992 kB
VmallocTotal:   34359738367 kB
VmallocUsed:       89528 kB
VmallocChunk:          0 kB
Percpu:            15936 kB
HardwareCorrupted:     0 kB
AnonHugePages:   1187840 kB
ShmemHugePages:        0 kB
ShmemPmdMapped:        0 kB
FileHugePages:    141312 kB
FilePmdMapped:    131072 kB
CmaTotal:              0 kB
CmaFree:               0 kB
HugePages_Total:       0
HugePages_Free:        0
HugePages_Rsvd:        0
HugePages_Surp:        0
Hugepagesize:       2048 kB
Hugetlb:               0 kB
DirectMap4k:      813712 kB
DirectMap2M:     9545728 kB
DirectMap1G:           0 kB

/sys/kernel/mm/transparent_hugepage/enabled:
[always] madvise never
/sys/kernel/mm/transparent_hugepage/defrag (defrag/compaction efforts parameter):
always defer defer+madvise [madvise] never

Process Memory:
Virtual Size: 5469012K (peak: 5532500K)
Resident Set Size: 56684K (peak: 56684K) (anon: 35756K, file: 20896K, shmem: 32K)
Swapped out: 0K
C-Heap outstanding allocations: 23185K, retained: 5314K
glibc malloc tunables: (default)

/proc/sys/kernel/threads-max (system-wide limit on the number of threads):
78493
/proc/sys/vm/max_map_count (maximum number of memory map areas a process may have):
65530
/proc/sys/kernel/pid_max (system-wide limit on number of process identifiers):
4194304

container (cgroup) information:
container_type: cgroupv2
cpu_cpuset_cpus: not supported
cpu_memory_nodes: not supported
active_processor_count: 8
cpu_quota: not supported
cpu_period: not supported
cpu_shares: not supported
memory_limit_in_bytes: unlimited
memory_and_swap_limit_in_bytes: unlimited
memory_soft_limit_in_bytes: unlimited
memory_usage_in_bytes: 1869357056
memory_max_usage_in_bytes: not supported

Steal ticks since vm start: 0
Steal ticks percentage since vm start:  0.000

CPU:total 16 (initial active 8) (8 cores per cpu, 2 threads per core) family 23 model 24 stepping 1 microcode 0x8108102, cmov, cx8, fxsr, mmx, sse, sse2, sse3, ssse3, sse4.1, sse4.2, popcnt, avx, avx2, aes, clmul, mmxext, 3dnowpref, lzcnt, sse4a, ht, tsc, tscinvbit, tscinv, bmi1, bmi2, adx, sha, fma
CPU Model and flags from /proc/cpuinfo:
model name	: AMD Ryzen 5 3500U with Radeon Vega Mobile Gfx
flags		: fpu vme de pse tsc msr pae mce cx8 apic sep mtrr pge mca cmov pat pse36 clflush mmx fxsr sse sse2 ht syscall nx mmxext fxsr_opt pdpe1gb rdtscp lm constant_tsc rep_good nopl nonstop_tsc cpuid extd_apicid aperfmperf rapl pni pclmulqdq monitor ssse3 fma cx16 sse4_1 sse4_2 movbe popcnt aes xsave avx f16c rdrand lahf_lm cmp_legacy svm extapic cr8_legacy abm sse4a misalignsse 3dnowprefetch osvw skinit wdt tce topoext perfctr_core perfctr_nb bpext perfctr_llc mwaitx cpb hw_pstate ssbd ibpb vmmcall fsgsbase bmi1 avx2 smep bmi2 rdseed adx smap clflushopt sha_ni xsaveopt xsavec xgetbv1 xsaves clzero irperf xsaveerptr arat npt lbrv svm_lock nrip_save tsc_scale vmcb_clean flushbyasid decodeassists pausefilter pfthreshold avic v_vmsave_vmload vgif overflow_recov succor smca sev sev_es
Online cpus:
0-7
Offline cpus:
8-15
BIOS frequency limitation:
2100000
Frequency switch latency (ns):
0
Available cpu frequencies:
2100000 1700000 1400000 
Current governor:
schedutil
Core performance/turbo boost:
1

Memory: 4k page, physical 10063356k(938844k free), swap 614396k(613096k free)

vm_info: OpenJDK 64-Bit Server VM (11.0.16.1+1) for linux-amd64 JRE (11.0.16.1+1), built on Aug 13 2022 11:39:34 by "builduser" with gcc 12.1.1 20220730

END.
